{"C:\\Users\\willi\\codebase\\capstone1\\SHPEHackerz-Task-Path\\FirebaseConfig.ts": {"path":"C:\\Users\\willi\\codebase\\capstone1\\SHPEHackerz-Task-Path\\FirebaseConfig.ts","statementMap":{"0":{"start":{"line":15,"column":23},"end":{"line":22,"column":1}},"1":{"start":{"line":25,"column":28},"end":{"line":25,"column":57}},"2":{"start":{"line":29,"column":0},"end":{"line":40,"column":1}},"3":{"start":{"line":31,"column":2},"end":{"line":31,"column":52}},"4":{"start":{"line":32,"column":2},"end":{"line":34,"column":5}},"5":{"start":{"line":33,"column":4},"end":{"line":33,"column":63}},"6":{"start":{"line":37,"column":2},"end":{"line":39,"column":5}},"7":{"start":{"line":43,"column":29},"end":{"line":48,"column":1}},"8":{"start":{"line":44,"column":2},"end":{"line":46,"column":3}},"9":{"start":{"line":45,"column":4},"end":{"line":45,"column":61}},"10":{"start":{"line":47,"column":2},"end":{"line":47,"column":35}},"11":{"start":{"line":51,"column":27},"end":{"line":51,"column":53}},"12":{"start":{"line":54,"column":34},"end":{"line":56,"column":1}},"13":{"start":{"line":55,"column":2},"end":{"line":55,"column":47}}},"fnMap":{"0":{"name":"(anonymous_0)","decl":{"start":{"line":32,"column":77},"end":{"line":32,"column":78}},"loc":{"start":{"line":32,"column":88},"end":{"line":34,"column":3}},"line":32},"1":{"name":"(anonymous_1)","decl":{"start":{"line":43,"column":29},"end":{"line":43,"column":30}},"loc":{"start":{"line":43,"column":35},"end":{"line":48,"column":1}},"line":43},"2":{"name":"(anonymous_2)","decl":{"start":{"line":54,"column":53},"end":{"line":54,"column":54}},"loc":{"start":{"line":55,"column":2},"end":{"line":55,"column":47}},"line":55}},"branchMap":{"0":{"loc":{"start":{"line":29,"column":0},"end":{"line":40,"column":1}},"type":"if","locations":[{"start":{"line":29,"column":0},"end":{"line":40,"column":1}},{"start":{"line":35,"column":7},"end":{"line":40,"column":1}}],"line":29},"1":{"loc":{"start":{"line":44,"column":2},"end":{"line":46,"column":3}},"type":"if","locations":[{"start":{"line":44,"column":2},"end":{"line":46,"column":3}},{"start":{},"end":{}}],"line":44},"2":{"loc":{"start":{"line":55,"column":2},"end":{"line":55,"column":47}},"type":"cond-expr","locations":[{"start":{"line":55,"column":14},"end":{"line":55,"column":40}},{"start":{"line":55,"column":43},"end":{"line":55,"column":47}}],"line":55}},"s":{"0":1,"1":1,"2":1,"3":0,"4":0,"5":0,"6":1,"7":1,"8":0,"9":0,"10":0,"11":1,"12":1,"13":1},"f":{"0":0,"1":0,"2":1},"b":{"0":[0,1],"1":[0,0],"2":[0,1]},"_coverageSchema":"1a1c01bbd47fc00a2c39e90264f33305004495a9","hash":"c05f552cbb446874b8a74b98e1233940c295772e"}
,"C:\\Users\\willi\\codebase\\capstone1\\SHPEHackerz-Task-Path\\app\\screens\\dashboardScreens\\KidsManagementScreen.tsx": {"path":"C:\\Users\\willi\\codebase\\capstone1\\SHPEHackerz-Task-Path\\app\\screens\\dashboardScreens\\KidsManagementScreen.tsx","statementMap":{"0":{"start":{"line":22,"column":18},"end":{"line":276,"column":1}},"1":{"start":{"line":23,"column":34},"end":{"line":23,"column":46}},"2":{"start":{"line":24,"column":32},"end":{"line":24,"column":44}},"3":{"start":{"line":25,"column":44},"end":{"line":25,"column":56}},"4":{"start":{"line":26,"column":28},"end":{"line":26,"column":47}},"5":{"start":{"line":27,"column":44},"end":{"line":27,"column":59}},"6":{"start":{"line":28,"column":62},"end":{"line":28,"column":77}},"7":{"start":{"line":29,"column":42},"end":{"line":29,"column":68}},"8":{"start":{"line":30,"column":19},"end":{"line":30,"column":30}},"9":{"start":{"line":31,"column":34},"end":{"line":31,"column":57}},"10":{"start":{"line":33,"column":4},"end":{"line":35,"column":11}},"11":{"start":{"line":34,"column":8},"end":{"line":34,"column":20}},"12":{"start":{"line":37,"column":30},"end":{"line":73,"column":5}},"13":{"start":{"line":38,"column":8},"end":{"line":38,"column":48}},"14":{"start":{"line":39,"column":8},"end":{"line":43,"column":9}},"15":{"start":{"line":40,"column":12},"end":{"line":40,"column":59}},"16":{"start":{"line":41,"column":12},"end":{"line":41,"column":83}},"17":{"start":{"line":42,"column":12},"end":{"line":42,"column":19}},"18":{"start":{"line":45,"column":20},"end":{"line":45,"column":38}},"19":{"start":{"line":46,"column":8},"end":{"line":50,"column":9}},"20":{"start":{"line":47,"column":12},"end":{"line":47,"column":46}},"21":{"start":{"line":48,"column":12},"end":{"line":48,"column":68}},"22":{"start":{"line":49,"column":12},"end":{"line":49,"column":19}},"23":{"start":{"line":52,"column":8},"end":{"line":72,"column":9}},"24":{"start":{"line":53,"column":25},"end":{"line":53,"column":34}},"25":{"start":{"line":54,"column":31},"end":{"line":54,"column":58}},"26":{"start":{"line":55,"column":26},"end":{"line":55,"column":35}},"27":{"start":{"line":56,"column":27},"end":{"line":62,"column":13}},"28":{"start":{"line":63,"column":27},"end":{"line":63,"column":81}},"29":{"start":{"line":64,"column":12},"end":{"line":64,"column":82}},"30":{"start":{"line":64,"column":34},"end":{"line":64,"column":80}},"31":{"start":{"line":65,"column":12},"end":{"line":65,"column":62}},"32":{"start":{"line":66,"column":12},"end":{"line":66,"column":27}},"33":{"start":{"line":67,"column":12},"end":{"line":67,"column":26}},"34":{"start":{"line":68,"column":12},"end":{"line":68,"column":32}},"35":{"start":{"line":69,"column":12},"end":{"line":69,"column":44}},"36":{"start":{"line":71,"column":12},"end":{"line":71,"column":60}},"37":{"start":{"line":75,"column":22},"end":{"line":90,"column":5}},"38":{"start":{"line":76,"column":8},"end":{"line":89,"column":9}},"39":{"start":{"line":77,"column":25},"end":{"line":77,"column":34}},"40":{"start":{"line":78,"column":31},"end":{"line":78,"column":58}},"41":{"start":{"line":79,"column":34},"end":{"line":79,"column":127}},"42":{"start":{"line":80,"column":39},"end":{"line":84,"column":22}},"43":{"start":{"line":80,"column":72},"end":{"line":84,"column":20}},"44":{"start":{"line":85,"column":12},"end":{"line":85,"column":33}},"45":{"start":{"line":86,"column":12},"end":{"line":86,"column":30}},"46":{"start":{"line":88,"column":12},"end":{"line":88,"column":57}},"47":{"start":{"line":92,"column":22},"end":{"line":106,"column":5}},"48":{"start":{"line":93,"column":8},"end":{"line":105,"column":9}},"49":{"start":{"line":94,"column":27},"end":{"line":94,"column":63}},"50":{"start":{"line":95,"column":12},"end":{"line":95,"column":93}},"51":{"start":{"line":96,"column":12},"end":{"line":98,"column":15}},"52":{"start":{"line":96,"column":34},"end":{"line":98,"column":13}},"53":{"start":{"line":97,"column":16},"end":{"line":97,"column":107}},"54":{"start":{"line":99,"column":12},"end":{"line":99,"column":35}},"55":{"start":{"line":100,"column":12},"end":{"line":100,"column":33}},"56":{"start":{"line":101,"column":12},"end":{"line":101,"column":27}},"57":{"start":{"line":102,"column":12},"end":{"line":102,"column":26}},"58":{"start":{"line":104,"column":12},"end":{"line":104,"column":62}},"59":{"start":{"line":108,"column":22},"end":{"line":119,"column":5}},"60":{"start":{"line":109,"column":8},"end":{"line":118,"column":9}},"61":{"start":{"line":110,"column":27},"end":{"line":110,"column":63}},"62":{"start":{"line":111,"column":12},"end":{"line":111,"column":42}},"63":{"start":{"line":112,"column":12},"end":{"line":112,"column":36}},"64":{"start":{"line":113,"column":12},"end":{"line":113,"column":93}},"65":{"start":{"line":113,"column":34},"end":{"line":113,"column":91}},"66":{"start":{"line":113,"column":63},"end":{"line":113,"column":90}},"67":{"start":{"line":114,"column":12},"end":{"line":114,"column":33}},"68":{"start":{"line":115,"column":12},"end":{"line":115,"column":35}},"69":{"start":{"line":117,"column":12},"end":{"line":117,"column":62}},"70":{"start":{"line":121,"column":22},"end":{"line":128,"column":5}},"71":{"start":{"line":122,"column":8},"end":{"line":127,"column":20}},"72":{"start":{"line":122,"column":57},"end":{"line":122,"column":75}},"73":{"start":{"line":124,"column":38},"end":{"line":124,"column":53}},"74":{"start":{"line":130,"column":25},"end":{"line":133,"column":5}},"75":{"start":{"line":131,"column":8},"end":{"line":131,"column":28}},"76":{"start":{"line":132,"column":8},"end":{"line":132,"column":30}},"77":{"start":{"line":135,"column":23},"end":{"line":139,"column":5}},"78":{"start":{"line":136,"column":8},"end":{"line":138,"column":9}},"79":{"start":{"line":137,"column":12},"end":{"line":137,"column":100}},"80":{"start":{"line":141,"column":25},"end":{"line":145,"column":5}},"81":{"start":{"line":142,"column":8},"end":{"line":144,"column":9}},"82":{"start":{"line":143,"column":12},"end":{"line":143,"column":35}},"83":{"start":{"line":147,"column":4},"end":{"line":154,"column":5}},"84":{"start":{"line":148,"column":8},"end":{"line":153,"column":10}},"85":{"start":{"line":156,"column":4},"end":{"line":275,"column":6}},"86":{"start":{"line":160,"column":42},"end":{"line":160,"column":76}},"87":{"start":{"line":168,"column":40},"end":{"line":168,"column":64}},"88":{"start":{"line":177,"column":38},"end":{"line":177,"column":60}},"89":{"start":{"line":180,"column":50},"end":{"line":180,"column":72}},"90":{"start":{"line":192,"column":52},"end":{"line":192,"column":117}},"91":{"start":{"line":192,"column":77},"end":{"line":192,"column":116}},"92":{"start":{"line":202,"column":52},"end":{"line":202,"column":153}},"93":{"start":{"line":202,"column":77},"end":{"line":202,"column":152}},"94":{"start":{"line":211,"column":94},"end":{"line":211,"column":116}},"95":{"start":{"line":219,"column":69},"end":{"line":219,"column":99}},"96":{"start":{"line":228,"column":38},"end":{"line":228,"column":69}},"97":{"start":{"line":232,"column":50},"end":{"line":232,"column":81}},"98":{"start":{"line":255,"column":77},"end":{"line":255,"column":108}},"99":{"start":{"line":264,"column":42},"end":{"line":264,"column":104}},"100":{"start":{"line":267,"column":42},"end":{"line":267,"column":103}},"101":{"start":{"line":270,"column":42},"end":{"line":270,"column":106}},"102":{"start":{"line":278,"column":15},"end":{"line":412,"column":2}}},"fnMap":{"0":{"name":"(anonymous_0)","decl":{"start":{"line":22,"column":18},"end":{"line":22,"column":19}},"loc":{"start":{"line":22,"column":24},"end":{"line":276,"column":1}},"line":22},"1":{"name":"(anonymous_1)","decl":{"start":{"line":33,"column":14},"end":{"line":33,"column":15}},"loc":{"start":{"line":33,"column":20},"end":{"line":35,"column":5}},"line":33},"2":{"name":"(anonymous_2)","decl":{"start":{"line":37,"column":30},"end":{"line":37,"column":31}},"loc":{"start":{"line":37,"column":42},"end":{"line":73,"column":5}},"line":37},"3":{"name":"(anonymous_3)","decl":{"start":{"line":64,"column":20},"end":{"line":64,"column":21}},"loc":{"start":{"line":64,"column":34},"end":{"line":64,"column":80}},"line":64},"4":{"name":"(anonymous_4)","decl":{"start":{"line":75,"column":22},"end":{"line":75,"column":23}},"loc":{"start":{"line":75,"column":34},"end":{"line":90,"column":5}},"line":75},"5":{"name":"(anonymous_5)","decl":{"start":{"line":80,"column":62},"end":{"line":80,"column":63}},"loc":{"start":{"line":80,"column":72},"end":{"line":84,"column":20}},"line":80},"6":{"name":"(anonymous_6)","decl":{"start":{"line":92,"column":22},"end":{"line":92,"column":23}},"loc":{"start":{"line":92,"column":98},"end":{"line":106,"column":5}},"line":92},"7":{"name":"(anonymous_7)","decl":{"start":{"line":96,"column":20},"end":{"line":96,"column":21}},"loc":{"start":{"line":96,"column":34},"end":{"line":98,"column":13}},"line":96},"8":{"name":"(anonymous_8)","decl":{"start":{"line":96,"column":47},"end":{"line":96,"column":48}},"loc":{"start":{"line":97,"column":16},"end":{"line":97,"column":107}},"line":97},"9":{"name":"(anonymous_9)","decl":{"start":{"line":108,"column":22},"end":{"line":108,"column":23}},"loc":{"start":{"line":108,"column":42},"end":{"line":119,"column":5}},"line":108},"10":{"name":"(anonymous_10)","decl":{"start":{"line":113,"column":20},"end":{"line":113,"column":21}},"loc":{"start":{"line":113,"column":34},"end":{"line":113,"column":91}},"line":113},"11":{"name":"(anonymous_11)","decl":{"start":{"line":113,"column":50},"end":{"line":113,"column":51}},"loc":{"start":{"line":113,"column":63},"end":{"line":113,"column":90}},"line":113},"12":{"name":"(anonymous_12)","decl":{"start":{"line":121,"column":22},"end":{"line":121,"column":23}},"loc":{"start":{"line":122,"column":8},"end":{"line":127,"column":20}},"line":122},"13":{"name":"(anonymous_13)","decl":{"start":{"line":122,"column":51},"end":{"line":122,"column":52}},"loc":{"start":{"line":122,"column":57},"end":{"line":122,"column":75}},"line":122},"14":{"name":"(anonymous_14)","decl":{"start":{"line":124,"column":32},"end":{"line":124,"column":33}},"loc":{"start":{"line":124,"column":38},"end":{"line":124,"column":53}},"line":124},"15":{"name":"(anonymous_15)","decl":{"start":{"line":130,"column":25},"end":{"line":130,"column":26}},"loc":{"start":{"line":130,"column":39},"end":{"line":133,"column":5}},"line":130},"16":{"name":"(anonymous_16)","decl":{"start":{"line":135,"column":23},"end":{"line":135,"column":24}},"loc":{"start":{"line":135,"column":29},"end":{"line":139,"column":5}},"line":135},"17":{"name":"(anonymous_17)","decl":{"start":{"line":141,"column":25},"end":{"line":141,"column":26}},"loc":{"start":{"line":141,"column":31},"end":{"line":145,"column":5}},"line":141},"18":{"name":"(anonymous_18)","decl":{"start":{"line":160,"column":36},"end":{"line":160,"column":37}},"loc":{"start":{"line":160,"column":42},"end":{"line":160,"column":76}},"line":160},"19":{"name":"(anonymous_19)","decl":{"start":{"line":168,"column":30},"end":{"line":168,"column":31}},"loc":{"start":{"line":168,"column":40},"end":{"line":168,"column":64}},"line":168},"20":{"name":"(anonymous_20)","decl":{"start":{"line":177,"column":32},"end":{"line":177,"column":33}},"loc":{"start":{"line":177,"column":38},"end":{"line":177,"column":60}},"line":177},"21":{"name":"(anonymous_21)","decl":{"start":{"line":180,"column":44},"end":{"line":180,"column":45}},"loc":{"start":{"line":180,"column":50},"end":{"line":180,"column":72}},"line":180},"22":{"name":"(anonymous_22)","decl":{"start":{"line":192,"column":42},"end":{"line":192,"column":43}},"loc":{"start":{"line":192,"column":52},"end":{"line":192,"column":117}},"line":192},"23":{"name":"(anonymous_23)","decl":{"start":{"line":192,"column":67},"end":{"line":192,"column":68}},"loc":{"start":{"line":192,"column":77},"end":{"line":192,"column":116}},"line":192},"24":{"name":"(anonymous_24)","decl":{"start":{"line":202,"column":42},"end":{"line":202,"column":43}},"loc":{"start":{"line":202,"column":52},"end":{"line":202,"column":153}},"line":202},"25":{"name":"(anonymous_25)","decl":{"start":{"line":202,"column":67},"end":{"line":202,"column":68}},"loc":{"start":{"line":202,"column":77},"end":{"line":202,"column":152}},"line":202},"26":{"name":"(anonymous_26)","decl":{"start":{"line":211,"column":88},"end":{"line":211,"column":89}},"loc":{"start":{"line":211,"column":94},"end":{"line":211,"column":116}},"line":211},"27":{"name":"(anonymous_27)","decl":{"start":{"line":219,"column":63},"end":{"line":219,"column":64}},"loc":{"start":{"line":219,"column":69},"end":{"line":219,"column":99}},"line":219},"28":{"name":"(anonymous_28)","decl":{"start":{"line":228,"column":32},"end":{"line":228,"column":33}},"loc":{"start":{"line":228,"column":38},"end":{"line":228,"column":69}},"line":228},"29":{"name":"(anonymous_29)","decl":{"start":{"line":232,"column":44},"end":{"line":232,"column":45}},"loc":{"start":{"line":232,"column":50},"end":{"line":232,"column":81}},"line":232},"30":{"name":"(anonymous_30)","decl":{"start":{"line":255,"column":71},"end":{"line":255,"column":72}},"loc":{"start":{"line":255,"column":77},"end":{"line":255,"column":108}},"line":255},"31":{"name":"(anonymous_31)","decl":{"start":{"line":264,"column":36},"end":{"line":264,"column":37}},"loc":{"start":{"line":264,"column":42},"end":{"line":264,"column":104}},"line":264},"32":{"name":"(anonymous_32)","decl":{"start":{"line":267,"column":36},"end":{"line":267,"column":37}},"loc":{"start":{"line":267,"column":42},"end":{"line":267,"column":103}},"line":267},"33":{"name":"(anonymous_33)","decl":{"start":{"line":270,"column":36},"end":{"line":270,"column":37}},"loc":{"start":{"line":270,"column":42},"end":{"line":270,"column":106}},"line":270}},"branchMap":{"0":{"loc":{"start":{"line":39,"column":8},"end":{"line":43,"column":9}},"type":"if","locations":[{"start":{"line":39,"column":8},"end":{"line":43,"column":9}},{"start":{},"end":{}}],"line":39},"1":{"loc":{"start":{"line":46,"column":8},"end":{"line":50,"column":9}},"type":"if","locations":[{"start":{"line":46,"column":8},"end":{"line":50,"column":9}},{"start":{},"end":{}}],"line":46},"2":{"loc":{"start":{"line":54,"column":31},"end":{"line":54,"column":58}},"type":"binary-expr","locations":[{"start":{"line":54,"column":31},"end":{"line":54,"column":52}},{"start":{"line":54,"column":56},"end":{"line":54,"column":58}}],"line":54},"3":{"loc":{"start":{"line":59,"column":21},"end":{"line":59,"column":44}},"type":"binary-expr","locations":[{"start":{"line":59,"column":21},"end":{"line":59,"column":39}},{"start":{"line":59,"column":43},"end":{"line":59,"column":44}}],"line":59},"4":{"loc":{"start":{"line":78,"column":31},"end":{"line":78,"column":58}},"type":"binary-expr","locations":[{"start":{"line":78,"column":31},"end":{"line":78,"column":52}},{"start":{"line":78,"column":56},"end":{"line":78,"column":58}}],"line":78},"5":{"loc":{"start":{"line":95,"column":62},"end":{"line":95,"column":89}},"type":"binary-expr","locations":[{"start":{"line":95,"column":62},"end":{"line":95,"column":84}},{"start":{"line":95,"column":88},"end":{"line":95,"column":89}}],"line":95},"6":{"loc":{"start":{"line":97,"column":16},"end":{"line":97,"column":107}},"type":"cond-expr","locations":[{"start":{"line":97,"column":38},"end":{"line":97,"column":101}},{"start":{"line":97,"column":104},"end":{"line":97,"column":107}}],"line":97},"7":{"loc":{"start":{"line":97,"column":72},"end":{"line":97,"column":99}},"type":"binary-expr","locations":[{"start":{"line":97,"column":72},"end":{"line":97,"column":94}},{"start":{"line":97,"column":98},"end":{"line":97,"column":99}}],"line":97},"8":{"loc":{"start":{"line":136,"column":8},"end":{"line":138,"column":9}},"type":"if","locations":[{"start":{"line":136,"column":8},"end":{"line":138,"column":9}},{"start":{},"end":{}}],"line":136},"9":{"loc":{"start":{"line":142,"column":8},"end":{"line":144,"column":9}},"type":"if","locations":[{"start":{"line":142,"column":8},"end":{"line":144,"column":9}},{"start":{},"end":{}}],"line":142},"10":{"loc":{"start":{"line":147,"column":4},"end":{"line":154,"column":5}},"type":"if","locations":[{"start":{"line":147,"column":4},"end":{"line":154,"column":5}},{"start":{},"end":{}}],"line":147},"11":{"loc":{"start":{"line":168,"column":40},"end":{"line":168,"column":64}},"type":"binary-expr","locations":[{"start":{"line":168,"column":40},"end":{"line":168,"column":50}},{"start":{"line":168,"column":54},"end":{"line":168,"column":64}}],"line":168},"12":{"loc":{"start":{"line":191,"column":35},"end":{"line":191,"column":70}},"type":"cond-expr","locations":[{"start":{"line":191,"column":49},"end":{"line":191,"column":65}},{"start":{"line":191,"column":68},"end":{"line":191,"column":70}}],"line":191},"13":{"loc":{"start":{"line":201,"column":35},"end":{"line":201,"column":77}},"type":"cond-expr","locations":[{"start":{"line":201,"column":49},"end":{"line":201,"column":72}},{"start":{"line":201,"column":75},"end":{"line":201,"column":77}}],"line":201}},"s":{"0":1,"1":3,"2":3,"3":3,"4":3,"5":3,"6":3,"7":3,"8":3,"9":3,"10":3,"11":3,"12":3,"13":0,"14":0,"15":0,"16":0,"17":0,"18":0,"19":0,"20":0,"21":0,"22":0,"23":0,"24":0,"25":0,"26":0,"27":0,"28":0,"29":0,"30":0,"31":0,"32":0,"33":0,"34":0,"35":0,"36":0,"37":3,"38":3,"39":3,"40":3,"41":0,"42":0,"43":0,"44":0,"45":0,"46":3,"47":3,"48":0,"49":0,"50":0,"51":0,"52":0,"53":0,"54":0,"55":0,"56":0,"57":0,"58":0,"59":3,"60":0,"61":0,"62":0,"63":0,"64":0,"65":0,"66":0,"67":0,"68":0,"69":0,"70":3,"71":0,"72":0,"73":0,"74":3,"75":0,"76":0,"77":3,"78":0,"79":0,"80":3,"81":0,"82":0,"83":3,"84":3,"85":0,"86":0,"87":0,"88":0,"89":0,"90":0,"91":0,"92":0,"93":0,"94":0,"95":0,"96":0,"97":0,"98":0,"99":0,"100":0,"101":0,"102":1},"f":{"0":3,"1":3,"2":0,"3":0,"4":3,"5":0,"6":0,"7":0,"8":0,"9":0,"10":0,"11":0,"12":0,"13":0,"14":0,"15":0,"16":0,"17":0,"18":0,"19":0,"20":0,"21":0,"22":0,"23":0,"24":0,"25":0,"26":0,"27":0,"28":0,"29":0,"30":0,"31":0,"32":0,"33":0},"b":{"0":[0,0],"1":[0,0],"2":[0,0],"3":[0,0],"4":[3,0],"5":[0,0],"6":[0,0],"7":[0,0],"8":[0,0],"9":[0,0],"10":[3,0],"11":[0,0],"12":[0,0],"13":[0,0]},"_coverageSchema":"1a1c01bbd47fc00a2c39e90264f33305004495a9","hash":"e262a57f40cfe2aa4d78e11ec43990ef784cf73b"}
,"C:\\Users\\willi\\codebase\\capstone1\\SHPEHackerz-Task-Path\\components\\ThemedText.tsx": {"path":"C:\\Users\\willi\\codebase\\capstone1\\SHPEHackerz-Task-Path\\components\\ThemedText.tsx","statementMap":{"0":{"start":{"line":18,"column":16},"end":{"line":18,"column":77}},"1":{"start":{"line":20,"column":2},"end":{"line":33,"column":4}},"2":{"start":{"line":36,"column":15},"end":{"line":60,"column":2}}},"fnMap":{"0":{"name":"ThemedText","decl":{"start":{"line":11,"column":16},"end":{"line":11,"column":26}},"loc":{"start":{"line":17,"column":20},"end":{"line":34,"column":1}},"line":17}},"branchMap":{"0":{"loc":{"start":{"line":15,"column":2},"end":{"line":15,"column":18}},"type":"default-arg","locations":[{"start":{"line":15,"column":9},"end":{"line":15,"column":18}}],"line":15},"1":{"loc":{"start":{"line":24,"column":8},"end":{"line":24,"column":55}},"type":"cond-expr","locations":[{"start":{"line":24,"column":29},"end":{"line":24,"column":43}},{"start":{"line":24,"column":46},"end":{"line":24,"column":55}}],"line":24},"2":{"loc":{"start":{"line":25,"column":8},"end":{"line":25,"column":51}},"type":"cond-expr","locations":[{"start":{"line":25,"column":27},"end":{"line":25,"column":39}},{"start":{"line":25,"column":42},"end":{"line":25,"column":51}}],"line":25},"3":{"loc":{"start":{"line":26,"column":8},"end":{"line":26,"column":71}},"type":"cond-expr","locations":[{"start":{"line":26,"column":37},"end":{"line":26,"column":59}},{"start":{"line":26,"column":62},"end":{"line":26,"column":71}}],"line":26},"4":{"loc":{"start":{"line":27,"column":8},"end":{"line":27,"column":57}},"type":"cond-expr","locations":[{"start":{"line":27,"column":30},"end":{"line":27,"column":45}},{"start":{"line":27,"column":48},"end":{"line":27,"column":57}}],"line":27},"5":{"loc":{"start":{"line":28,"column":8},"end":{"line":28,"column":49}},"type":"cond-expr","locations":[{"start":{"line":28,"column":26},"end":{"line":28,"column":37}},{"start":{"line":28,"column":40},"end":{"line":28,"column":49}}],"line":28}},"s":{"0":1,"1":1,"2":1},"f":{"0":1},"b":{"0":[1],"1":[1,0],"2":[0,1],"3":[0,1],"4":[0,1],"5":[0,1]},"_coverageSchema":"1a1c01bbd47fc00a2c39e90264f33305004495a9","hash":"fc6af2a98ac8d35b5b92261dce2e23a0a9b5cc91"}
,"C:\\Users\\willi\\codebase\\capstone1\\SHPEHackerz-Task-Path\\constants\\Colors.ts": {"path":"C:\\Users\\willi\\codebase\\capstone1\\SHPEHackerz-Task-Path\\constants\\Colors.ts","statementMap":{"0":{"start":{"line":6,"column":23},"end":{"line":6,"column":32}},"1":{"start":{"line":7,"column":22},"end":{"line":7,"column":28}},"2":{"start":{"line":9,"column":22},"end":{"line":26,"column":1}}},"fnMap":{},"branchMap":{},"s":{"0":1,"1":1,"2":1},"f":{},"b":{},"_coverageSchema":"1a1c01bbd47fc00a2c39e90264f33305004495a9","hash":"fb270ef3377102962bcf3d85ebd88be09b724978"}
,"C:\\Users\\willi\\codebase\\capstone1\\SHPEHackerz-Task-Path\\hooks\\useThemeColor.ts": {"path":"C:\\Users\\willi\\codebase\\capstone1\\SHPEHackerz-Task-Path\\hooks\\useThemeColor.ts","statementMap":{"0":{"start":{"line":14,"column":16},"end":{"line":14,"column":43}},"1":{"start":{"line":15,"column":25},"end":{"line":15,"column":37}},"2":{"start":{"line":17,"column":2},"end":{"line":21,"column":3}},"3":{"start":{"line":18,"column":4},"end":{"line":18,"column":26}},"4":{"start":{"line":20,"column":4},"end":{"line":20,"column":36}}},"fnMap":{"0":{"name":"useThemeColor","decl":{"start":{"line":10,"column":16},"end":{"line":10,"column":29}},"loc":{"start":{"line":13,"column":2},"end":{"line":22,"column":1}},"line":13}},"branchMap":{"0":{"loc":{"start":{"line":14,"column":16},"end":{"line":14,"column":43}},"type":"binary-expr","locations":[{"start":{"line":14,"column":16},"end":{"line":14,"column":32}},{"start":{"line":14,"column":36},"end":{"line":14,"column":43}}],"line":14},"1":{"loc":{"start":{"line":17,"column":2},"end":{"line":21,"column":3}},"type":"if","locations":[{"start":{"line":17,"column":2},"end":{"line":21,"column":3}},{"start":{"line":19,"column":9},"end":{"line":21,"column":3}}],"line":17}},"s":{"0":1,"1":1,"2":1,"3":0,"4":1},"f":{"0":1},"b":{"0":[1,0],"1":[0,1]},"_coverageSchema":"1a1c01bbd47fc00a2c39e90264f33305004495a9","hash":"e850aa1dfbfd8b0ceca0361cb6ea9ae64db8df01"}
}
